# JRE version: Java(TM) SE Runtime Environment (8.0_101-b13) (build 1.8.0_101-b13)
# Java VM: Java HotSpot(TM) 64-Bit Server VM (25.101-b13 mixed mode windows-amd64 compressed oops)
Heap:
 PSYoungGen      total 190464K, used 99908K [0x00000000d6200000, 0x00000000e4300000, 0x0000000100000000)
  eden space 180224K, 55% used [0x00000000d6200000,0x00000000dc391240,0x00000000e1200000)
  from space 10240K, 0% used [0x00000000e1d00000,0x00000000e1d00000,0x00000000e2700000)
  to   space 11264K, 0% used [0x00000000e1200000,0x00000000e1200000,0x00000000e1d00000)
 ParOldGen       total 80384K, used 14511K [0x0000000082600000, 0x0000000087480000, 0x00000000d6200000)
  object space 80384K, 18% used [0x0000000082600000,0x000000008342bfa0,0x0000000087480000)
 Metaspace       used 39138K, capacity 40708K, committed 40832K, reserved 1085440K
  class space    used 4890K, capacity 5178K, committed 5248K, reserved 1048576K
GC Heap History (10 events):
Event: 1.434 GC heap before
{Heap before GC invocations=6 (full 1):
 PSYoungGen      total 70656K, used 5116K [0x00000000d6200000, 0x00000000df300000, 0x0000000100000000)
  eden space 65536K, 0% used [0x00000000d6200000,0x00000000d6200000,0x00000000da200000)
  from space 5120K, 99% used [0x00000000da200000,0x00000000da6ff248,0x00000000da700000)
  to   space 8704K, 0% used [0x00000000dea80000,0x00000000dea80000,0x00000000df300000)
 ParOldGen       total 86016K, used 6730K [0x0000000082600000, 0x0000000087a00000, 0x00000000d6200000)
  object space 86016K, 7% used [0x0000000082600000,0x0000000082c92be0,0x0000000087a00000)
 Metaspace       used 20579K, capacity 21176K, committed 21248K, reserved 1067008K
  class space    used 2612K, capacity 2780K, committed 2816K, reserved 1048576K
Event: 1.458 GC heap after
Heap after GC invocations=6 (full 1):
 PSYoungGen      total 70656K, used 0K [0x00000000d6200000, 0x00000000df300000, 0x0000000100000000)
  eden space 65536K, 0% used [0x00000000d6200000,0x00000000d6200000,0x00000000da200000)
  from space 5120K, 0% used [0x00000000da200000,0x00000000da200000,0x00000000da700000)
  to   space 8704K, 0% used [0x00000000dea80000,0x00000000dea80000,0x00000000df300000)
 ParOldGen       total 52736K, used 6854K [0x0000000082600000, 0x0000000085980000, 0x00000000d6200000)
  object space 52736K, 12% used [0x0000000082600000,0x0000000082cb1848,0x0000000085980000)
 Metaspace       used 20578K, capacity 21170K, committed 21248K, reserved 1067008K
  class space    used 2612K, capacity 2779K, committed 2816K, reserved 1048576K
}
Event: 1.887 GC heap before
{Heap before GC invocations=7 (full 1):
 PSYoungGen      total 70656K, used 65536K [0x00000000d6200000, 0x00000000df300000, 0x0000000100000000)
  eden space 65536K, 100% used [0x00000000d6200000,0x00000000da200000,0x00000000da200000)
  from space 5120K, 0% used [0x00000000da200000,0x00000000da200000,0x00000000da700000)
  to   space 8704K, 0% used [0x00000000dea80000,0x00000000dea80000,0x00000000df300000)
 ParOldGen       total 52736K, used 6854K [0x0000000082600000, 0x0000000085980000, 0x00000000d6200000)
  object space 52736K, 12% used [0x0000000082600000,0x0000000082cb1848,0x0000000085980000)
 Metaspace       used 26454K, capacity 27216K, committed 27392K, reserved 1073152K
  class space    used 3402K, capacity 3584K, committed 3584K, reserved 1048576K
Event: 1.894 GC heap after
Heap after GC invocations=7 (full 1):
 PSYoungGen      total 117248K, used 6483K [0x00000000d6200000, 0x00000000df100000, 0x0000000100000000)
  eden space 110592K, 0% used [0x00000000d6200000,0x00000000d6200000,0x00000000dce00000)
  from space 6656K, 97% used [0x00000000dea80000,0x00000000df0d4d30,0x00000000df100000)
  to   space 8704K, 0% used [0x00000000de000000,0x00000000de000000,0x00000000de880000)
 ParOldGen       total 52736K, used 6926K [0x0000000082600000, 0x0000000085980000, 0x00000000d6200000)
  object space 52736K, 13% used [0x0000000082600000,0x0000000082cc3858,0x0000000085980000)
 Metaspace       used 26454K, capacity 27216K, committed 27392K, reserved 1073152K
  class space    used 3402K, capacity 3584K, committed 3584K, reserved 1048576K
}
Event: 2.864 GC heap before
{Heap before GC invocations=8 (full 1):
 PSYoungGen      total 117248K, used 117075K [0x00000000d6200000, 0x00000000df100000, 0x0000000100000000)
  eden space 110592K, 100% used [0x00000000d6200000,0x00000000dce00000,0x00000000dce00000)
  from space 6656K, 97% used [0x00000000dea80000,0x00000000df0d4d30,0x00000000df100000)
  to   space 8704K, 0% used [0x00000000de000000,0x00000000de000000,0x00000000de880000)
 ParOldGen       total 52736K, used 6926K [0x0000000082600000, 0x0000000085980000, 0x00000000d6200000)
  object space 52736K, 13% used [0x0000000082600000,0x0000000082cc3858,0x0000000085980000)
 Metaspace       used 31813K, capacity 32926K, committed 33024K, reserved 1077248K
  class space    used 4049K, capacity 4303K, committed 4352K, reserved 1048576K
Event: 2.874 GC heap after
Heap after GC invocations=8 (full 1):
 PSYoungGen      total 137728K, used 8692K [0x00000000d6200000, 0x00000000e2700000, 0x0000000100000000)
  eden space 129024K, 0% used [0x00000000d6200000,0x00000000d6200000,0x00000000de000000)
  from space 8704K, 99% used [0x00000000de000000,0x00000000de87d008,0x00000000de880000)
  to   space 10240K, 0% used [0x00000000e1d00000,0x00000000e1d00000,0x00000000e2700000)
 ParOldGen       total 52736K, used 9030K [0x0000000082600000, 0x0000000085980000, 0x00000000d6200000)
  object space 52736K, 17% used [0x0000000082600000,0x0000000082ed1958,0x0000000085980000)
 Metaspace       used 31813K, capacity 32926K, committed 33024K, reserved 1077248K
  class space    used 4049K, capacity 4303K, committed 4352K, reserved 1048576K
}
Event: 3.431 GC heap before
{Heap before GC invocations=9 (full 1):
 PSYoungGen      total 137728K, used 51539K [0x00000000d6200000, 0x00000000e2700000, 0x0000000100000000)
  eden space 129024K, 33% used [0x00000000d6200000,0x00000000d8bd7ef0,0x00000000de000000)
  from space 8704K, 99% used [0x00000000de000000,0x00000000de87d008,0x00000000de880000)
  to   space 10240K, 0% used [0x00000000e1d00000,0x00000000e1d00000,0x00000000e2700000)
 ParOldGen       total 52736K, used 9030K [0x0000000082600000, 0x0000000085980000, 0x00000000d6200000)
  object space 52736K, 17% used [0x0000000082600000,0x0000000082ed1958,0x0000000085980000)
 Metaspace       used 33954K, capacity 35338K, committed 35416K, reserved 1081344K
  class space    used 4320K, capacity 4599K, committed 4608K, reserved 1048576K
Event: 3.441 GC heap after
Heap after GC invocations=9 (full 1):
 PSYoungGen      total 190464K, used 9545K [0x00000000d6200000, 0x00000000e4300000, 0x0000000100000000)
  eden space 180224K, 0% used [0x00000000d6200000,0x00000000d6200000,0x00000000e1200000)
  from space 10240K, 93% used [0x00000000e1d00000,0x00000000e26524a0,0x00000000e2700000)
  to   space 11264K, 0% used [0x00000000e1200000,0x00000000e1200000,0x00000000e1d00000)
 ParOldGen       total 52736K, used 9038K [0x0000000082600000, 0x0000000085980000, 0x00000000d6200000)
  object space 52736K, 17% used [0x0000000082600000,0x0000000082ed3958,0x0000000085980000)
 Metaspace       used 33954K, capacity 35338K, committed 35416K, reserved 1081344K
  class space    used 4320K, capacity 4599K, committed 4608K, reserved 1048576K
}
Event: 3.441 GC heap before
{Heap before GC invocations=10 (full 2):
 PSYoungGen      total 190464K, used 9545K [0x00000000d6200000, 0x00000000e4300000, 0x0000000100000000)
  eden space 180224K, 0% used [0x00000000d6200000,0x00000000d6200000,0x00000000e1200000)
  from space 10240K, 93% used [0x00000000e1d00000,0x00000000e26524a0,0x00000000e2700000)
  to   space 11264K, 0% used [0x00000000e1200000,0x00000000e1200000,0x00000000e1d00000)
 ParOldGen       total 52736K, used 9038K [0x0000000082600000, 0x0000000085980000, 0x00000000d6200000)
  object space 52736K, 17% used [0x0000000082600000,0x0000000082ed3958,0x0000000085980000)
 Metaspace       used 33954K, capacity 35338K, committed 35416K, reserved 1081344K
  class space    used 4320K, capacity 4599K, committed 4608K, reserved 1048576K
Event: 3.493 GC heap after
Heap after GC invocations=10 (full 2):
 PSYoungGen      total 190464K, used 0K [0x00000000d6200000, 0x00000000e4300000, 0x0000000100000000)
  eden space 180224K, 0% used [0x00000000d6200000,0x00000000d6200000,0x00000000e1200000)
  from space 10240K, 0% used [0x00000000e1d00000,0x00000000e1d00000,0x00000000e2700000)
  to   space 11264K, 0% used [0x00000000e1200000,0x00000000e1200000,0x00000000e1d00000)
 ParOldGen       total 80384K, used 14511K [0x0000000082600000, 0x0000000087480000, 0x00000000d6200000)
  object space 80384K, 18% used [0x0000000082600000,0x000000008342bfa0,0x0000000087480000)
 Metaspace       used 33954K, capacity 35338K, committed 35416K, reserved 1081344K
  class space    used 4320K, capacity 4599K, committed 4608K, reserved 1048576K
}

