# JRE version: Java(TM) SE Runtime Environment (8.0_101-b13) (build 1.8.0_101-b13)
# Java VM: Java HotSpot(TM) 64-Bit Server VM (25.101-b13 mixed mode windows-amd64 compressed oops)
Heap:
 PSYoungGen      total 204800K, used 21087K [0x00000000d6200000, 0x00000000e3d00000, 0x0000000100000000)
  eden space 194048K, 10% used [0x00000000d6200000,0x00000000d7697c60,0x00000000e1f80000)
  from space 10752K, 0% used [0x00000000e3280000,0x00000000e3280000,0x00000000e3d00000)
  to   space 13312K, 0% used [0x00000000e2300000,0x00000000e2300000,0x00000000e3000000)
 ParOldGen       total 93184K, used 15157K [0x0000000082600000, 0x0000000088100000, 0x00000000d6200000)
  object space 93184K, 16% used [0x0000000082600000,0x00000000834cd598,0x0000000088100000)
 Metaspace       used 34676K, capacity 36102K, committed 36312K, reserved 1081344K
  class space    used 4391K, capacity 4663K, committed 4736K, reserved 1048576K
GC Heap History (10 events):
Event: 1.761 GC heap before
{Heap before GC invocations=4 (full 0):
 PSYoungGen      total 70656K, used 22929K [0x00000000d6200000, 0x00000000dec00000, 0x0000000100000000)
  eden space 65536K, 27% used [0x00000000d6200000,0x00000000d7367810,0x00000000da200000)
  from space 5120K, 99% used [0x00000000da200000,0x00000000da6fce28,0x00000000da700000)
  to   space 5120K, 0% used [0x00000000de700000,0x00000000de700000,0x00000000dec00000)
 ParOldGen       total 86016K, used 5368K [0x0000000082600000, 0x0000000087a00000, 0x00000000d6200000)
  object space 86016K, 6% used [0x0000000082600000,0x0000000082b3e218,0x0000000087a00000)
 Metaspace       used 20578K, capacity 21178K, committed 21248K, reserved 1067008K
  class space    used 2612K, capacity 2779K, committed 2816K, reserved 1048576K
Event: 1.777 GC heap after
Heap after GC invocations=4 (full 0):
 PSYoungGen      total 136192K, used 5096K [0x00000000d6200000, 0x00000000dec00000, 0x0000000100000000)
  eden space 131072K, 0% used [0x00000000d6200000,0x00000000d6200000,0x00000000de200000)
  from space 5120K, 99% used [0x00000000de700000,0x00000000debfa060,0x00000000dec00000)
  to   space 5120K, 0% used [0x00000000de200000,0x00000000de200000,0x00000000de700000)
 ParOldGen       total 86016K, used 7064K [0x0000000082600000, 0x0000000087a00000, 0x00000000d6200000)
  object space 86016K, 8% used [0x0000000082600000,0x0000000082ce63e0,0x0000000087a00000)
 Metaspace       used 20578K, capacity 21178K, committed 21248K, reserved 1067008K
  class space    used 2612K, capacity 2779K, committed 2816K, reserved 1048576K
}
Event: 1.777 GC heap before
{Heap before GC invocations=5 (full 1):
 PSYoungGen      total 136192K, used 5096K [0x00000000d6200000, 0x00000000dec00000, 0x0000000100000000)
  eden space 131072K, 0% used [0x00000000d6200000,0x00000000d6200000,0x00000000de200000)
  from space 5120K, 99% used [0x00000000de700000,0x00000000debfa060,0x00000000dec00000)
  to   space 5120K, 0% used [0x00000000de200000,0x00000000de200000,0x00000000de700000)
 ParOldGen       total 86016K, used 7064K [0x0000000082600000, 0x0000000087a00000, 0x00000000d6200000)
  object space 86016K, 8% used [0x0000000082600000,0x0000000082ce63e0,0x0000000087a00000)
 Metaspace       used 20578K, capacity 21178K, committed 21248K, reserved 1067008K
  class space    used 2612K, capacity 2779K, committed 2816K, reserved 1048576K
Event: 1.832 GC heap after
Heap after GC invocations=5 (full 1):
 PSYoungGen      total 136192K, used 0K [0x00000000d6200000, 0x00000000dec00000, 0x0000000100000000)
  eden space 131072K, 0% used [0x00000000d6200000,0x00000000d6200000,0x00000000de200000)
  from space 5120K, 0% used [0x00000000de700000,0x00000000de700000,0x00000000dec00000)
  to   space 5120K, 0% used [0x00000000de200000,0x00000000de200000,0x00000000de700000)
 ParOldGen       total 57856K, used 6781K [0x0000000082600000, 0x0000000085e80000, 0x00000000d6200000)
  object space 57856K, 11% used [0x0000000082600000,0x0000000082c9f5a8,0x0000000085e80000)
 Metaspace       used 20576K, capacity 21172K, committed 21248K, reserved 1067008K
  class space    used 2611K, capacity 2778K, committed 2816K, reserved 1048576K
}
Event: 3.150 GC heap before
{Heap before GC invocations=6 (full 1):
 PSYoungGen      total 136192K, used 131072K [0x00000000d6200000, 0x00000000dec00000, 0x0000000100000000)
  eden space 131072K, 100% used [0x00000000d6200000,0x00000000de200000,0x00000000de200000)
  from space 5120K, 0% used [0x00000000de700000,0x00000000de700000,0x00000000dec00000)
  to   space 5120K, 0% used [0x00000000de200000,0x00000000de200000,0x00000000de700000)
 ParOldGen       total 57856K, used 6781K [0x0000000082600000, 0x0000000085e80000, 0x00000000d6200000)
  object space 57856K, 11% used [0x0000000082600000,0x0000000082c9f5a8,0x0000000085e80000)
 Metaspace       used 30178K, capacity 31120K, committed 31232K, reserved 1077248K
  class space    used 3869K, capacity 4088K, committed 4096K, reserved 1048576K
Event: 3.161 GC heap after
Heap after GC invocations=6 (full 1):
 PSYoungGen      total 136192K, used 5110K [0x00000000d6200000, 0x00000000e3f00000, 0x0000000100000000)
  eden space 131072K, 0% used [0x00000000d6200000,0x00000000d6200000,0x00000000de200000)
  from space 5120K, 99% used [0x00000000de200000,0x00000000de6fd908,0x00000000de700000)
  to   space 12800K, 0% used [0x00000000e3280000,0x00000000e3280000,0x00000000e3f00000)
 ParOldGen       total 57856K, used 13700K [0x0000000082600000, 0x0000000085e80000, 0x00000000d6200000)
  object space 57856K, 23% used [0x0000000082600000,0x00000000833611d0,0x0000000085e80000)
 Metaspace       used 30178K, capacity 31120K, committed 31232K, reserved 1077248K
  class space    used 3869K, capacity 4088K, committed 4096K, reserved 1048576K
}
Event: 4.101 GC heap before
{Heap before GC invocations=7 (full 1):
 PSYoungGen      total 136192K, used 94177K [0x00000000d6200000, 0x00000000e3f00000, 0x0000000100000000)
  eden space 131072K, 67% used [0x00000000d6200000,0x00000000db8facb8,0x00000000de200000)
  from space 5120K, 99% used [0x00000000de200000,0x00000000de6fd908,0x00000000de700000)
  to   space 12800K, 0% used [0x00000000e3280000,0x00000000e3280000,0x00000000e3f00000)
 ParOldGen       total 57856K, used 13700K [0x0000000082600000, 0x0000000085e80000, 0x00000000d6200000)
  object space 57856K, 23% used [0x0000000082600000,0x00000000833611d0,0x0000000085e80000)
 Metaspace       used 33942K, capacity 35334K, committed 35416K, reserved 1081344K
  class space    used 4321K, capacity 4599K, committed 4608K, reserved 1048576K
Event: 4.111 GC heap after
Heap after GC invocations=7 (full 1):
 PSYoungGen      total 204800K, used 10264K [0x00000000d6200000, 0x00000000e3d00000, 0x0000000100000000)
  eden space 194048K, 0% used [0x00000000d6200000,0x00000000d6200000,0x00000000e1f80000)
  from space 10752K, 95% used [0x00000000e3280000,0x00000000e3c861d8,0x00000000e3d00000)
  to   space 13312K, 0% used [0x00000000e2300000,0x00000000e2300000,0x00000000e3000000)
 ParOldGen       total 57856K, used 13708K [0x0000000082600000, 0x0000000085e80000, 0x00000000d6200000)
  object space 57856K, 23% used [0x0000000082600000,0x00000000833631d0,0x0000000085e80000)
 Metaspace       used 33942K, capacity 35334K, committed 35416K, reserved 1081344K
  class space    used 4321K, capacity 4599K, committed 4608K, reserved 1048576K
}
Event: 4.111 GC heap before
{Heap before GC invocations=8 (full 2):
 PSYoungGen      total 204800K, used 10264K [0x00000000d6200000, 0x00000000e3d00000, 0x0000000100000000)
  eden space 194048K, 0% used [0x00000000d6200000,0x00000000d6200000,0x00000000e1f80000)
  from space 10752K, 95% used [0x00000000e3280000,0x00000000e3c861d8,0x00000000e3d00000)
  to   space 13312K, 0% used [0x00000000e2300000,0x00000000e2300000,0x00000000e3000000)
 ParOldGen       total 57856K, used 13708K [0x0000000082600000, 0x0000000085e80000, 0x00000000d6200000)
  object space 57856K, 23% used [0x0000000082600000,0x00000000833631d0,0x0000000085e80000)
 Metaspace       used 33942K, capacity 35334K, committed 35416K, reserved 1081344K
  class space    used 4321K, capacity 4599K, committed 4608K, reserved 1048576K
Event: 4.180 GC heap after
Heap after GC invocations=8 (full 2):
 PSYoungGen      total 204800K, used 0K [0x00000000d6200000, 0x00000000e3d00000, 0x0000000100000000)
  eden space 194048K, 0% used [0x00000000d6200000,0x00000000d6200000,0x00000000e1f80000)
  from space 10752K, 0% used [0x00000000e3280000,0x00000000e3280000,0x00000000e3d00000)
  to   space 13312K, 0% used [0x00000000e2300000,0x00000000e2300000,0x00000000e3000000)
 ParOldGen       total 93184K, used 15157K [0x0000000082600000, 0x0000000088100000, 0x00000000d6200000)
  object space 93184K, 16% used [0x0000000082600000,0x00000000834cd598,0x0000000088100000)
 Metaspace       used 33942K, capacity 35334K, committed 35416K, reserved 1081344K
  class space    used 4321K, capacity 4599K, committed 4608K, reserved 1048576K
}

